<?xml version="1.0" encoding="UTF-8"?>
<!-- Generated by org.testng.reporters.JUnitReportReporter -->
<testsuite hostname="DESKTOP-DBFC2AB" failures="0" tests="6" name="com.swaglabs.testcases.LoginTest" time="68.289" errors="0" timestamp="2024-09-05T22:49:02 IST" skipped="0">
  <testcase classname="com.swaglabs.testcases.LoginTest" name="loginTest" time="0.469"/>
  <testcase classname="com.swaglabs.testcases.LoginTest" name="loginTest" time="30.353"/>
  <testcase classname="com.swaglabs.testcases.LoginTest" name="loginTest" time="1.036"/>
  <testcase classname="com.swaglabs.testcases.LoginTest" name="loginTest" time="30.313"/>
  <testcase classname="com.swaglabs.testcases.LoginTest" name="loginTest" time="5.537"/>
  <testcase classname="com.swaglabs.testcases.LoginTest" name="loginTest" time="0.581"/>
</testsuite> <!-- com.swaglabs.testcases.LoginTest -->
