<?xml version="1.0" encoding="UTF-8"?>
<!-- Generated by org.testng.reporters.JUnitReportReporter -->
<testsuite hostname="DESKTOP-DBFC2AB" failures="0" tests="1" name="com.swaglabs.testcases.Testcase" time="2.452" errors="0" timestamp="2024-08-15T19:09:04 IST" skipped="0">
  <testcase classname="com.swaglabs.testcases.Testcase" name="testcheck" time="2.452"/>
</testsuite> <!-- com.swaglabs.testcases.Testcase -->
