<?xml version="1.0" encoding="UTF-8"?>
<!-- Generated by org.testng.reporters.JUnitReportReporter -->
<testsuite hostname="DESKTOP-DBFC2AB" failures="0" tests="6" name="com.swaglabs.testcases.LoginTest" time="67.800" errors="0" timestamp="2024-08-18T23:09:11 IST" skipped="0">
  <testcase classname="com.swaglabs.testcases.LoginTest" name="loginTest" time="0.700"/>
  <testcase classname="com.swaglabs.testcases.LoginTest" name="loginTest" time="30.376"/>
  <testcase classname="com.swaglabs.testcases.LoginTest" name="loginTest" time="0.443"/>
  <testcase classname="com.swaglabs.testcases.LoginTest" name="loginTest" time="5.459"/>
  <testcase classname="com.swaglabs.testcases.LoginTest" name="loginTest" time="30.298"/>
  <testcase classname="com.swaglabs.testcases.LoginTest" name="loginTest" time="0.524"/>
</testsuite> <!-- com.swaglabs.testcases.LoginTest -->
