<?xml version="1.0" encoding="UTF-8"?>
<!-- Generated by org.testng.reporters.JUnitReportReporter -->
<testsuite hostname="DESKTOP-DBFC2AB" failures="0" tests="1" name="com.swaglabs.testcases.Testcase" time="0.016" errors="0" timestamp="2024-08-15T01:27:16 IST" skipped="0">
  <testcase classname="com.swaglabs.testcases.Testcase" name="testcheck" time="0.016"/>
</testsuite> <!-- com.swaglabs.testcases.Testcase -->
