<?xml version="1.0" encoding="UTF-8"?>
<!-- Generated by org.testng.reporters.JUnitReportReporter -->
<testsuite hostname="DESKTOP-DBFC2AB" failures="0" tests="6" name="com.swaglabs.testcases.LoginTest" time="67.839" errors="0" timestamp="2024-09-16T23:23:55 IST" skipped="0">
  <testcase classname="com.swaglabs.testcases.LoginTest" name="loginTest" time="30.300"/>
  <testcase classname="com.swaglabs.testcases.LoginTest" name="loginTest" time="0.445"/>
  <testcase classname="com.swaglabs.testcases.LoginTest" name="loginTest" time="0.406"/>
  <testcase classname="com.swaglabs.testcases.LoginTest" name="loginTest" time="0.902"/>
  <testcase classname="com.swaglabs.testcases.LoginTest" name="loginTest" time="5.450"/>
  <testcase classname="com.swaglabs.testcases.LoginTest" name="loginTest" time="30.336"/>
</testsuite> <!-- com.swaglabs.testcases.LoginTest -->
